<?xml version="1.0" encoding="UTF-8"?>
<!-- Generated by org.testng.reporters.JUnitXMLReporter -->
<testsuite ignored="0" hostname="Roy" failures="0" tests="3" name="Test" time="6.021" errors="0" timestamp="2023-05-08T12:33:40 IST">
  <testcase classname="CrudWithoutBDD.CreateProject" name="createProj" time="4.48"/>
  <testcase classname="CrudWithoutBDD.UpdateProject" name="updateProject" time="1.311"/>
  <testcase classname="CrudWithoutBDD.DeleteProject" name="deleteProject" time="0.106"/>
</testsuite> <!-- Test -->
