<?xml version="1.0" encoding="UTF-8"?>
<testng-results ignored="0" total="1" passed="1" failed="0" skipped="0">
  <reporter-output>
  </reporter-output>
  <suite started-at="2023-05-09T15:37:47 IST" name="Default suite" finished-at="2023-05-09T15:37:54 IST" duration-ms="6909">
    <groups>
    </groups>
    <test started-at="2023-05-09T15:37:47 IST" name="Default test" finished-at="2023-05-09T15:37:54 IST" duration-ms="6909">
      <class name="ResponseBodyValidation.StaticResponseValidation">
        <test-method signature="staticResp()[pri:0, instance:ResponseBodyValidation.StaticResponseValidation@c03cf28]" started-at="2023-05-09T15:37:47 IST" name="staticResp" finished-at="2023-05-09T15:37:54 IST" duration-ms="6833" status="PASS">
          <reporter-output>
          </reporter-output>
        </test-method> <!-- staticResp -->
      </class> <!-- ResponseBodyValidation.StaticResponseValidation -->
    </test> <!-- Default test -->
  </suite> <!-- Default suite -->
</testng-results>
